Watching for file changes with StatReloader
C:\Users\NirajKumarJena\omiware_django_proj_dir\omniware_paymnet_updated\django_payment\views.py changed, reloading.
Watching for file changes with StatReloader
C:\Users\NirajKumarJena\omiware_django_proj_dir\omniware_paymnet_updated\django_payment\views.py changed, reloading.
Watching for file changes with StatReloader
C:\Users\NirajKumarJena\omiware_django_proj_dir\omniware_paymnet_updated\omniware_paymnet_updated\settings.py changed, reloading.
Watching for file changes with StatReloader
C:\Users\NirajKumarJena\omiware_django_proj_dir\omniware_paymnet_updated\django_payment\views.py changed, reloading.
Watching for file changes with StatReloader
C:\Users\NirajKumarJena\omiware_django_proj_dir\omniware_paymnet_updated\django_payment\views.py changed, reloading.
Watching for file changes with StatReloader
Starting new HTTPS connection (1): pgbiz.omniware.in:443
Starting new HTTPS connection (1): pgbiz.omniware.in:443
https://pgbiz.omniware.in:443 "POST /v2/paymentrequest HTTP/1.1" 200 None
https://pgbiz.omniware.in:443 "POST /v2/paymentrequest HTTP/1.1" 200 None
Starting new HTTPS connection (1): pgbiz.omniware.in:443
https://pgbiz.omniware.in:443 "POST /v2/paymentrequest HTTP/1.1" 200 None
Starting new HTTPS connection (1): pgbiz.omniware.in:443
https://pgbiz.omniware.in:443 "POST /v2/paymentrequest HTTP/1.1" 200 None
C:\Users\NirajKumarJena\omiware_django_proj_dir\omniware_paymnet_updated\django_payment\views.py changed, reloading.
Watching for file changes with StatReloader
Starting new HTTPS connection (1): pgbiz.omniware.in:443
https://pgbiz.omniware.in:443 "POST /v2/paymentrequest HTTP/1.1" 200 None
Starting new HTTPS connection (1): pgbiz.omniware.in:443
https://pgbiz.omniware.in:443 "POST /v2/paymentrequest HTTP/1.1" 200 None
C:\Users\NirajKumarJena\omiware_django_proj_dir\omniware_paymnet_updated\django_payment\views.py changed, reloading.
Watching for file changes with StatReloader
Starting new HTTPS connection (1): pgbiz.omniware.in:443
Starting new HTTPS connection (1): pgbiz.omniware.in:443
https://pgbiz.omniware.in:443 "POST /v2/paymentrequest HTTP/1.1" 200 None
https://pgbiz.omniware.in:443 "POST /v2/paymentrequest HTTP/1.1" 200 None
Starting new HTTPS connection (1): pgbiz.omniware.in:443
https://pgbiz.omniware.in:443 "POST /v2/paymentrequest HTTP/1.1" 200 None
Starting new HTTPS connection (1): pgbiz.omniware.in:443
https://pgbiz.omniware.in:443 "POST /v2/paymentrequest HTTP/1.1" 200 None
C:\Users\NirajKumarJena\omiware_django_proj_dir\omniware_paymnet_updated\django_payment\forms.py changed, reloading.
Watching for file changes with StatReloader
Starting new HTTPS connection (1): pgbiz.omniware.in:443
https://pgbiz.omniware.in:443 "POST /v2/paymentrequest HTTP/1.1" 200 None
C:\Users\NirajKumarJena\omiware_django_proj_dir\omniware_paymnet_updated\django_payment\views.py changed, reloading.
Watching for file changes with StatReloader
Starting new HTTPS connection (1): uatpgbiz.omniware.in:443
https://uatpgbiz.omniware.in:443 "POST /v2/paymentrequest HTTP/1.1" 200 None
C:\Users\NirajKumarJena\omiware_django_proj_dir\omniware_paymnet_updated\django_payment\views.py changed, reloading.
Watching for file changes with StatReloader
Starting new HTTPS connection (1): uatpgbiz.omniware.in:443
https://uatpgbiz.omniware.in:443 "POST /v2/paymentrequest HTTP/1.1" 200 None
C:\Users\NirajKumarJena\omiware_django_proj_dir\omniware_paymnet_updated\django_payment\views.py changed, reloading.
Watching for file changes with StatReloader
C:\Users\NirajKumarJena\omiware_django_proj_dir\omniware_paymnet_updated\django_payment\forms.py changed, reloading.
Watching for file changes with StatReloader
C:\Users\NirajKumarJena\omiware_django_proj_dir\omniware_paymnet_updated\django_payment\forms.py changed, reloading.
Watching for file changes with StatReloader
C:\Users\NirajKumarJena\omiware_django_proj_dir\omniware_paymnet_updated\django_payment\forms.py changed, reloading.
Watching for file changes with StatReloader
C:\Users\NirajKumarJena\omiware_django_proj_dir\omniware_paymnet_updated\django_payment\views.py changed, reloading.
Watching for file changes with StatReloader
C:\Users\NirajKumarJena\omiware_django_proj_dir\omniware_paymnet_updated\django_payment\forms.py changed, reloading.
Watching for file changes with StatReloader
C:\Users\NirajKumarJena\omiware_django_proj_dir\omniware_paymnet_updated\django_payment\forms.py changed, reloading.
Watching for file changes with StatReloader
C:\Users\NirajKumarJena\omiware_django_proj_dir\omniware_paymnet_updated\django_payment\views.py changed, reloading.
Watching for file changes with StatReloader
C:\Users\NirajKumarJena\omiware_django_proj_dir\omniware_paymnet_updated\django_payment\views.py changed, reloading.
Watching for file changes with StatReloader
C:\Users\NirajKumarJena\omiware_django_proj_dir\omniware_paymnet_updated\django_payment\forms.py changed, reloading.
Watching for file changes with StatReloader
Internal Server Error: /
Traceback (most recent call last):
  File "C:\Users\NirajKumarJena\Envs\omni_django_payment\Lib\site-packages\django\core\handlers\exception.py", line 55, in inner
    response = get_response(request)
               ^^^^^^^^^^^^^^^^^^^^^
  File "C:\Users\NirajKumarJena\Envs\omni_django_payment\Lib\site-packages\django\core\handlers\base.py", line 197, in _get_response
    response = wrapped_callback(request, *callback_args, **callback_kwargs)
               ^^^^^^^^^^^^^^^^^^^^^^^^^^^^^^^^^^^^^^^^^^^^^^^^^^^^^^^^^^^^
  File "C:\Users\NirajKumarJena\omiware_django_proj_dir\omniware_paymnet_updated\django_payment\views.py", line 21, in payment_request_view
    amount = Decimal(form.cleaned_data['amount']).quantize(Decimal('0.00'), rounding=ROUND_DOWN)
                     ^^^^^^^^^^^^^^^^^
AttributeError: 'PaymentRequestForm' object has no attribute 'cleaned_data'
C:\Users\NirajKumarJena\omiware_django_proj_dir\omniware_paymnet_updated\django_payment\views.py changed, reloading.
Watching for file changes with StatReloader
Internal Server Error: /
Traceback (most recent call last):
  File "C:\Users\NirajKumarJena\Envs\omni_django_payment\Lib\site-packages\django\core\handlers\exception.py", line 55, in inner
    response = get_response(request)
               ^^^^^^^^^^^^^^^^^^^^^
  File "C:\Users\NirajKumarJena\Envs\omni_django_payment\Lib\site-packages\django\core\handlers\base.py", line 197, in _get_response
    response = wrapped_callback(request, *callback_args, **callback_kwargs)
               ^^^^^^^^^^^^^^^^^^^^^^^^^^^^^^^^^^^^^^^^^^^^^^^^^^^^^^^^^^^^
  File "C:\Users\NirajKumarJena\omiware_django_proj_dir\omniware_paymnet_updated\django_payment\views.py", line 21, in payment_request_view
    amount = Decimal(form.cleaned_data['amount']).quantize(Decimal('0.00'), rounding=ROUND_DOWN)
                     ^^^^^^^^^^^^^^^^^
AttributeError: 'PaymentRequestForm' object has no attribute 'cleaned_data'
C:\Users\NirajKumarJena\omiware_django_proj_dir\omniware_paymnet_updated\django_payment\forms.py changed, reloading.
Watching for file changes with StatReloader
Internal Server Error: /
Traceback (most recent call last):
  File "C:\Users\NirajKumarJena\Envs\omni_django_payment\Lib\site-packages\django\core\handlers\exception.py", line 55, in inner
    response = get_response(request)
               ^^^^^^^^^^^^^^^^^^^^^
  File "C:\Users\NirajKumarJena\Envs\omni_django_payment\Lib\site-packages\django\core\handlers\base.py", line 197, in _get_response
    response = wrapped_callback(request, *callback_args, **callback_kwargs)
               ^^^^^^^^^^^^^^^^^^^^^^^^^^^^^^^^^^^^^^^^^^^^^^^^^^^^^^^^^^^^
  File "C:\Users\NirajKumarJena\omiware_django_proj_dir\omniware_paymnet_updated\django_payment\views.py", line 21, in payment_request_view
    amount = Decimal(form.cleaned_data['amount']).quantize(Decimal('0.00'), rounding=ROUND_DOWN)
                     ^^^^^^^^^^^^^^^^^
AttributeError: 'PaymentRequestForm' object has no attribute 'cleaned_data'
C:\Users\NirajKumarJena\omiware_django_proj_dir\omniware_paymnet_updated\django_payment\forms.py changed, reloading.
Watching for file changes with StatReloader
C:\Users\NirajKumarJena\omiware_django_proj_dir\omniware_paymnet_updated\django_payment\views.py changed, reloading.
Watching for file changes with StatReloader
C:\Users\NirajKumarJena\omiware_django_proj_dir\omniware_paymnet_updated\django_payment\views.py changed, reloading.
Watching for file changes with StatReloader
Internal Server Error: /
Traceback (most recent call last):
  File "C:\Users\NirajKumarJena\Envs\omni_django_payment\Lib\site-packages\django\core\handlers\exception.py", line 55, in inner
    response = get_response(request)
               ^^^^^^^^^^^^^^^^^^^^^
  File "C:\Users\NirajKumarJena\Envs\omni_django_payment\Lib\site-packages\django\core\handlers\base.py", line 197, in _get_response
    response = wrapped_callback(request, *callback_args, **callback_kwargs)
               ^^^^^^^^^^^^^^^^^^^^^^^^^^^^^^^^^^^^^^^^^^^^^^^^^^^^^^^^^^^^
  File "C:\Users\NirajKumarJena\omiware_django_proj_dir\omniware_paymnet_updated\django_payment\views.py", line 21, in payment_request_view
    return HttpResponse(form.cleaned_data['amount'])
                        ^^^^^^^^^^^^^^^^^
AttributeError: 'PaymentRequestForm' object has no attribute 'cleaned_data'
C:\Users\NirajKumarJena\omiware_django_proj_dir\omniware_paymnet_updated\django_payment\views.py changed, reloading.
Watching for file changes with StatReloader
Internal Server Error: /
Traceback (most recent call last):
  File "C:\Users\NirajKumarJena\Envs\omni_django_payment\Lib\site-packages\django\core\handlers\exception.py", line 55, in inner
    response = get_response(request)
               ^^^^^^^^^^^^^^^^^^^^^
  File "C:\Users\NirajKumarJena\Envs\omni_django_payment\Lib\site-packages\django\core\handlers\base.py", line 197, in _get_response
    response = wrapped_callback(request, *callback_args, **callback_kwargs)
               ^^^^^^^^^^^^^^^^^^^^^^^^^^^^^^^^^^^^^^^^^^^^^^^^^^^^^^^^^^^^
  File "C:\Users\NirajKumarJena\omiware_django_proj_dir\omniware_paymnet_updated\django_payment\views.py", line 17, in payment_request_view
    amount = Decimal(form.cleaned_data['amount']).quantize(Decimal('0.00'), rounding=ROUND_DOWN)
                     ^^^^^^^^^^^^^^^^^
AttributeError: 'PaymentRequestForm' object has no attribute 'cleaned_data'
C:\Users\NirajKumarJena\omiware_django_proj_dir\omniware_paymnet_updated\django_payment\views.py changed, reloading.
Watching for file changes with StatReloader
C:\Users\NirajKumarJena\omiware_django_proj_dir\omniware_paymnet_updated\django_payment\views.py changed, reloading.
Watching for file changes with StatReloader
C:\Users\NirajKumarJena\omiware_django_proj_dir\omniware_paymnet_updated\django_payment\views.py changed, reloading.
Watching for file changes with StatReloader
C:\Users\NirajKumarJena\omiware_django_proj_dir\omniware_paymnet_updated\django_payment\views.py changed, reloading.
Watching for file changes with StatReloader
Starting new HTTPS connection (1): uatpgbiz.omniware.in:443
https://uatpgbiz.omniware.in:443 "POST /v2/paymentrequest HTTP/1.1" 200 None
C:\Users\NirajKumarJena\omiware_django_proj_dir\omniware_paymnet_updated\django_payment\views.py changed, reloading.
Watching for file changes with StatReloader
C:\Users\NirajKumarJena\omiware_django_proj_dir\omniware_paymnet_updated\django_payment\views.py changed, reloading.
Watching for file changes with StatReloader
Internal Server Error: /
Traceback (most recent call last):
  File "C:\Users\NirajKumarJena\Envs\omni_django_payment\Lib\site-packages\django\core\handlers\exception.py", line 55, in inner
    response = get_response(request)
               ^^^^^^^^^^^^^^^^^^^^^
  File "C:\Users\NirajKumarJena\Envs\omni_django_payment\Lib\site-packages\django\core\handlers\base.py", line 197, in _get_response
    response = wrapped_callback(request, *callback_args, **callback_kwargs)
               ^^^^^^^^^^^^^^^^^^^^^^^^^^^^^^^^^^^^^^^^^^^^^^^^^^^^^^^^^^^^
  File "C:\Users\NirajKumarJena\omiware_django_proj_dir\omniware_paymnet_updated\django_payment\views.py", line 31, in payment_request_view
    form.cleaned_data['api_key'],
    ~~~~~~~~~~~~~~~~~^^^^^^^^^^^
KeyError: 'api_key'
C:\Users\NirajKumarJena\omiware_django_proj_dir\omniware_paymnet_updated\django_payment\views.py changed, reloading.
Watching for file changes with StatReloader
C:\Users\NirajKumarJena\omiware_django_proj_dir\omniware_paymnet_updated\django_payment\forms.py changed, reloading.
Watching for file changes with StatReloader
C:\Users\NirajKumarJena\omiware_django_proj_dir\omniware_paymnet_updated\django_payment\views.py changed, reloading.
Watching for file changes with StatReloader
C:\Users\NirajKumarJena\omiware_django_proj_dir\omniware_paymnet_updated\django_payment\forms.py changed, reloading.
Watching for file changes with StatReloader
C:\Users\NirajKumarJena\omiware_django_proj_dir\omniware_paymnet_updated\django_payment\forms.py changed, reloading.
Watching for file changes with StatReloader
C:\Users\NirajKumarJena\omiware_django_proj_dir\omniware_paymnet_updated\django_payment\views.py changed, reloading.
Watching for file changes with StatReloader
Internal Server Error: /
Traceback (most recent call last):
  File "C:\Users\NirajKumarJena\Envs\omni_django_payment\Lib\site-packages\django\core\handlers\exception.py", line 55, in inner
    response = get_response(request)
               ^^^^^^^^^^^^^^^^^^^^^
  File "C:\Users\NirajKumarJena\Envs\omni_django_payment\Lib\site-packages\django\core\handlers\base.py", line 197, in _get_response
    response = wrapped_callback(request, *callback_args, **callback_kwargs)
               ^^^^^^^^^^^^^^^^^^^^^^^^^^^^^^^^^^^^^^^^^^^^^^^^^^^^^^^^^^^^
  File "C:\Users\NirajKumarJena\omiware_django_proj_dir\omniware_paymnet_updated\django_payment\views.py", line 27, in payment_request_view
    form.cleaned_data['api_key'],
    ~~~~~~~~~~~~~~~~~^^^^^^^^^^^
KeyError: 'api_key'
Internal Server Error: /
Traceback (most recent call last):
  File "C:\Users\NirajKumarJena\Envs\omni_django_payment\Lib\site-packages\django\core\handlers\exception.py", line 55, in inner
    response = get_response(request)
               ^^^^^^^^^^^^^^^^^^^^^
  File "C:\Users\NirajKumarJena\Envs\omni_django_payment\Lib\site-packages\django\core\handlers\base.py", line 197, in _get_response
    response = wrapped_callback(request, *callback_args, **callback_kwargs)
               ^^^^^^^^^^^^^^^^^^^^^^^^^^^^^^^^^^^^^^^^^^^^^^^^^^^^^^^^^^^^
  File "C:\Users\NirajKumarJena\omiware_django_proj_dir\omniware_paymnet_updated\django_payment\views.py", line 27, in payment_request_view
    form.cleaned_data['api_key'],
    ~~~~~~~~~~~~~~~~~^^^^^^^^^^^
KeyError: 'api_key'
C:\Users\NirajKumarJena\omiware_django_proj_dir\omniware_paymnet_updated\django_payment\forms.py changed, reloading.
Watching for file changes with StatReloader
C:\Users\NirajKumarJena\omiware_django_proj_dir\omniware_paymnet_updated\django_payment\views.py changed, reloading.
Watching for file changes with StatReloader
C:\Users\NirajKumarJena\omiware_django_proj_dir\omniware_paymnet_updated\django_payment\views.py changed, reloading.
Watching for file changes with StatReloader
C:\Users\NirajKumarJena\omiware_django_proj_dir\omniware_paymnet_updated\django_payment\views.py changed, reloading.
Watching for file changes with StatReloader
C:\Users\NirajKumarJena\omiware_django_proj_dir\omniware_paymnet_updated\django_payment\views.py changed, reloading.
Watching for file changes with StatReloader
C:\Users\NirajKumarJena\omiware_django_proj_dir\omniware_paymnet_updated\django_payment\views.py changed, reloading.
Watching for file changes with StatReloader
Internal Server Error: /
Traceback (most recent call last):
  File "C:\Users\NirajKumarJena\Envs\omni_django_payment\Lib\site-packages\django\core\handlers\exception.py", line 55, in inner
    response = get_response(request)
               ^^^^^^^^^^^^^^^^^^^^^
  File "C:\Users\NirajKumarJena\Envs\omni_django_payment\Lib\site-packages\django\core\handlers\base.py", line 197, in _get_response
    response = wrapped_callback(request, *callback_args, **callback_kwargs)
               ^^^^^^^^^^^^^^^^^^^^^^^^^^^^^^^^^^^^^^^^^^^^^^^^^^^^^^^^^^^^
  File "C:\Users\NirajKumarJena\omiware_django_proj_dir\omniware_paymnet_updated\django_payment\views.py", line 58, in payment_request_view
    payload = {**form.cleaned_data, 'hash': hash, 'api_key': API_KEY}
                                                             ^^^^^^^
NameError: name 'API_KEY' is not defined
C:\Users\NirajKumarJena\omiware_django_proj_dir\omniware_paymnet_updated\django_payment\views.py changed, reloading.
Watching for file changes with StatReloader
Starting new HTTPS connection (1): uatpgbiz.omniware.in:443
https://uatpgbiz.omniware.in:443 "POST /v2/paymentrequest HTTP/1.1" 200 None
C:\Users\NirajKumarJena\omiware_django_proj_dir\omniware_paymnet_updated\django_payment\views.py changed, reloading.
Watching for file changes with StatReloader
C:\Users\NirajKumarJena\omiware_django_proj_dir\omniware_paymnet_updated\django_payment\views.py changed, reloading.
Watching for file changes with StatReloader
C:\Users\NirajKumarJena\omiware_django_proj_dir\omniware_paymnet_updated\django_payment\views.py changed, reloading.
Watching for file changes with StatReloader
C:\Users\NirajKumarJena\omiware_django_proj_dir\omniware_paymnet_updated\django_payment\views.py changed, reloading.
Watching for file changes with StatReloader
Starting new HTTPS connection (1): uatpgbiz.omniware.in:443
https://uatpgbiz.omniware.in:443 "POST /v2/paymentrequest HTTP/1.1" 200 None
Starting new HTTPS connection (1): uatpgbiz.omniware.in:443
https://uatpgbiz.omniware.in:443 "POST /v2/paymentrequest HTTP/1.1" 200 None
C:\Users\NirajKumarJena\omiware_django_proj_dir\omniware_paymnet_updated\django_payment\views.py changed, reloading.
Watching for file changes with StatReloader
C:\Users\NirajKumarJena\omiware_django_proj_dir\omniware_paymnet_updated\django_payment\views.py changed, reloading.
Watching for file changes with StatReloader
Starting new HTTPS connection (1): uatpgbiz.omniware.in:443
https://uatpgbiz.omniware.in:443 "POST /v2/paymentrequest HTTP/1.1" 200 None
C:\Users\NirajKumarJena\omiware_django_proj_dir\omniware_paymnet_updated\django_payment\views.py changed, reloading.
Watching for file changes with StatReloader
C:\Users\NirajKumarJena\omiware_django_proj_dir\omniware_paymnet_updated\django_payment\views.py changed, reloading.
Watching for file changes with StatReloader
Starting new HTTPS connection (1): uatpgbiz.omniware.in:443
https://uatpgbiz.omniware.in:443 "POST /v2/paymentrequest HTTP/1.1" 200 None
C:\Users\NirajKumarJena\omiware_django_proj_dir\omniware_paymnet_updated\django_payment\views.py changed, reloading.
Watching for file changes with StatReloader
C:\Users\NirajKumarJena\omiware_django_proj_dir\omniware_paymnet_updated\django_payment\views.py changed, reloading.
Watching for file changes with StatReloader
C:\Users\NirajKumarJena\omiware_django_proj_dir\omniware_paymnet_updated\django_payment\views.py changed, reloading.
Watching for file changes with StatReloader
C:\Users\NirajKumarJena\omiware_django_proj_dir\omniware_paymnet_updated\django_payment\views.py changed, reloading.
Watching for file changes with StatReloader
Starting new HTTPS connection (1): uatpgbiz.omniware.in:443
https://uatpgbiz.omniware.in:443 "POST /v2/paymentrequest HTTP/1.1" 200 None
C:\Users\NirajKumarJena\omiware_django_proj_dir\omniware_paymnet_updated\django_payment\views.py changed, reloading.
Watching for file changes with StatReloader
Starting new HTTPS connection (1): uatpgbiz.omniware.in:443
https://uatpgbiz.omniware.in:443 "POST /v2/paymentrequest HTTP/1.1" 200 None
C:\Users\NirajKumarJena\omiware_django_proj_dir\omniware_paymnet_updated\django_payment\forms.py changed, reloading.
Watching for file changes with StatReloader
C:\Users\NirajKumarJena\omiware_django_proj_dir\omniware_paymnet_updated\django_payment\forms.py changed, reloading.
Watching for file changes with StatReloader
C:\Users\NirajKumarJena\omiware_django_proj_dir\omniware_paymnet_updated\django_payment\views.py changed, reloading.
Watching for file changes with StatReloader
Starting new HTTPS connection (1): uatpgbiz.omniware.in:443
https://uatpgbiz.omniware.in:443 "POST /v2/paymentrequest HTTP/1.1" 200 None
C:\Users\NirajKumarJena\omiware_django_proj_dir\omniware_paymnet_updated\django_payment\views.py changed, reloading.
Watching for file changes with StatReloader
Starting new HTTPS connection (1): uatpgbiz.omniware.in:443
https://uatpgbiz.omniware.in:443 "POST /v2/paymentrequest HTTP/1.1" 200 None
C:\Users\NirajKumarJena\omiware_django_proj_dir\omniware_paymnet_updated\django_payment\forms.py changed, reloading.
Watching for file changes with StatReloader
C:\Users\NirajKumarJena\omiware_django_proj_dir\omniware_paymnet_updated\django_payment\forms.py changed, reloading.
Watching for file changes with StatReloader
C:\Users\NirajKumarJena\omiware_django_proj_dir\omniware_paymnet_updated\django_payment\forms.py changed, reloading.
Watching for file changes with StatReloader
C:\Users\NirajKumarJena\omiware_django_proj_dir\omniware_paymnet_updated\django_payment\forms.py changed, reloading.
Watching for file changes with StatReloader
C:\Users\NirajKumarJena\omiware_django_proj_dir\omniware_paymnet_updated\django_payment\forms.py changed, reloading.
Watching for file changes with StatReloader
Internal Server Error: /
Traceback (most recent call last):
  File "C:\Users\NirajKumarJena\Envs\omni_django_payment\Lib\site-packages\django\template\base.py", line 505, in parse
    compile_func = self.tags[command]
                   ~~~~~~~~~^^^^^^^^^
KeyError: 'static'

During handling of the above exception, another exception occurred:

Traceback (most recent call last):
  File "C:\Users\NirajKumarJena\Envs\omni_django_payment\Lib\site-packages\django\core\handlers\exception.py", line 55, in inner
    response = get_response(request)
               ^^^^^^^^^^^^^^^^^^^^^
  File "C:\Users\NirajKumarJena\Envs\omni_django_payment\Lib\site-packages\django\core\handlers\base.py", line 197, in _get_response
    response = wrapped_callback(request, *callback_args, **callback_kwargs)
               ^^^^^^^^^^^^^^^^^^^^^^^^^^^^^^^^^^^^^^^^^^^^^^^^^^^^^^^^^^^^
  File "C:\Users\NirajKumarJena\omiware_django_proj_dir\omniware_paymnet_updated\django_payment\views.py", line 66, in payment_request_view
    return render(request, 'payment_request.html', context)
           ^^^^^^^^^^^^^^^^^^^^^^^^^^^^^^^^^^^^^^^^^^^^^^^^
  File "C:\Users\NirajKumarJena\Envs\omni_django_payment\Lib\site-packages\django\shortcuts.py", line 24, in render
    content = loader.render_to_string(template_name, context, request, using=using)
              ^^^^^^^^^^^^^^^^^^^^^^^^^^^^^^^^^^^^^^^^^^^^^^^^^^^^^^^^^^^^^^^^^^^^^
  File "C:\Users\NirajKumarJena\Envs\omni_django_payment\Lib\site-packages\django\template\loader.py", line 61, in render_to_string
    template = get_template(template_name, using=using)
               ^^^^^^^^^^^^^^^^^^^^^^^^^^^^^^^^^^^^^^^^
  File "C:\Users\NirajKumarJena\Envs\omni_django_payment\Lib\site-packages\django\template\loader.py", line 15, in get_template
    return engine.get_template(template_name)
           ^^^^^^^^^^^^^^^^^^^^^^^^^^^^^^^^^^
  File "C:\Users\NirajKumarJena\Envs\omni_django_payment\Lib\site-packages\django\template\backends\django.py", line 33, in get_template
    return Template(self.engine.get_template(template_name), self)
                    ^^^^^^^^^^^^^^^^^^^^^^^^^^^^^^^^^^^^^^^
  File "C:\Users\NirajKumarJena\Envs\omni_django_payment\Lib\site-packages\django\template\engine.py", line 175, in get_template
    template, origin = self.find_template(template_name)
                       ^^^^^^^^^^^^^^^^^^^^^^^^^^^^^^^^^
  File "C:\Users\NirajKumarJena\Envs\omni_django_payment\Lib\site-packages\django\template\engine.py", line 157, in find_template
    template = loader.get_template(name, skip=skip)
               ^^^^^^^^^^^^^^^^^^^^^^^^^^^^^^^^^^^^
  File "C:\Users\NirajKumarJena\Envs\omni_django_payment\Lib\site-packages\django\template\loaders\cached.py", line 57, in get_template
    template = super().get_template(template_name, skip)
               ^^^^^^^^^^^^^^^^^^^^^^^^^^^^^^^^^^^^^^^^^
  File "C:\Users\NirajKumarJena\Envs\omni_django_payment\Lib\site-packages\django\template\loaders\base.py", line 28, in get_template
    return Template(
           ^^^^^^^^^
  File "C:\Users\NirajKumarJena\Envs\omni_django_payment\Lib\site-packages\django\template\base.py", line 154, in __init__
    self.nodelist = self.compile_nodelist()
                    ^^^^^^^^^^^^^^^^^^^^^^^
  File "C:\Users\NirajKumarJena\Envs\omni_django_payment\Lib\site-packages\django\template\base.py", line 200, in compile_nodelist
    return parser.parse()
           ^^^^^^^^^^^^^^
  File "C:\Users\NirajKumarJena\Envs\omni_django_payment\Lib\site-packages\django\template\base.py", line 507, in parse
    self.invalid_block_tag(token, command, parse_until)
  File "C:\Users\NirajKumarJena\Envs\omni_django_payment\Lib\site-packages\django\template\base.py", line 568, in invalid_block_tag
    raise self.error(
django.template.exceptions.TemplateSyntaxError: Invalid block tag on line 10: 'static'. Did you forget to register or load this tag?
C:\Users\NirajKumarJena\omiware_django_proj_dir\omniware_paymnet_updated\omniware_paymnet_updated\settings.py changed, reloading.
Watching for file changes with StatReloader
C:\Users\NirajKumarJena\omiware_django_proj_dir\omniware_paymnet_updated\omniware_paymnet_updated\settings.py changed, reloading.
Watching for file changes with StatReloader
Internal Server Error: /
Traceback (most recent call last):
  File "C:\Users\NirajKumarJena\Envs\omni_django_payment\Lib\site-packages\django\template\base.py", line 505, in parse
    compile_func = self.tags[command]
                   ~~~~~~~~~^^^^^^^^^
KeyError: 'static'

During handling of the above exception, another exception occurred:

Traceback (most recent call last):
  File "C:\Users\NirajKumarJena\Envs\omni_django_payment\Lib\site-packages\django\core\handlers\exception.py", line 55, in inner
    response = get_response(request)
               ^^^^^^^^^^^^^^^^^^^^^
  File "C:\Users\NirajKumarJena\Envs\omni_django_payment\Lib\site-packages\django\core\handlers\base.py", line 197, in _get_response
    response = wrapped_callback(request, *callback_args, **callback_kwargs)
               ^^^^^^^^^^^^^^^^^^^^^^^^^^^^^^^^^^^^^^^^^^^^^^^^^^^^^^^^^^^^
  File "C:\Users\NirajKumarJena\omiware_django_proj_dir\omniware_paymnet_updated\django_payment\views.py", line 66, in payment_request_view
    return render(request, 'payment_request.html', context)
           ^^^^^^^^^^^^^^^^^^^^^^^^^^^^^^^^^^^^^^^^^^^^^^^^
  File "C:\Users\NirajKumarJena\Envs\omni_django_payment\Lib\site-packages\django\shortcuts.py", line 24, in render
    content = loader.render_to_string(template_name, context, request, using=using)
              ^^^^^^^^^^^^^^^^^^^^^^^^^^^^^^^^^^^^^^^^^^^^^^^^^^^^^^^^^^^^^^^^^^^^^
  File "C:\Users\NirajKumarJena\Envs\omni_django_payment\Lib\site-packages\django\template\loader.py", line 61, in render_to_string
    template = get_template(template_name, using=using)
               ^^^^^^^^^^^^^^^^^^^^^^^^^^^^^^^^^^^^^^^^
  File "C:\Users\NirajKumarJena\Envs\omni_django_payment\Lib\site-packages\django\template\loader.py", line 15, in get_template
    return engine.get_template(template_name)
           ^^^^^^^^^^^^^^^^^^^^^^^^^^^^^^^^^^
  File "C:\Users\NirajKumarJena\Envs\omni_django_payment\Lib\site-packages\django\template\backends\django.py", line 33, in get_template
    return Template(self.engine.get_template(template_name), self)
                    ^^^^^^^^^^^^^^^^^^^^^^^^^^^^^^^^^^^^^^^
  File "C:\Users\NirajKumarJena\Envs\omni_django_payment\Lib\site-packages\django\template\engine.py", line 175, in get_template
    template, origin = self.find_template(template_name)
                       ^^^^^^^^^^^^^^^^^^^^^^^^^^^^^^^^^
  File "C:\Users\NirajKumarJena\Envs\omni_django_payment\Lib\site-packages\django\template\engine.py", line 157, in find_template
    template = loader.get_template(name, skip=skip)
               ^^^^^^^^^^^^^^^^^^^^^^^^^^^^^^^^^^^^
  File "C:\Users\NirajKumarJena\Envs\omni_django_payment\Lib\site-packages\django\template\loaders\cached.py", line 57, in get_template
    template = super().get_template(template_name, skip)
               ^^^^^^^^^^^^^^^^^^^^^^^^^^^^^^^^^^^^^^^^^
  File "C:\Users\NirajKumarJena\Envs\omni_django_payment\Lib\site-packages\django\template\loaders\base.py", line 28, in get_template
    return Template(
           ^^^^^^^^^
  File "C:\Users\NirajKumarJena\Envs\omni_django_payment\Lib\site-packages\django\template\base.py", line 154, in __init__
    self.nodelist = self.compile_nodelist()
                    ^^^^^^^^^^^^^^^^^^^^^^^
  File "C:\Users\NirajKumarJena\Envs\omni_django_payment\Lib\site-packages\django\template\base.py", line 200, in compile_nodelist
    return parser.parse()
           ^^^^^^^^^^^^^^
  File "C:\Users\NirajKumarJena\Envs\omni_django_payment\Lib\site-packages\django\template\base.py", line 507, in parse
    self.invalid_block_tag(token, command, parse_until)
  File "C:\Users\NirajKumarJena\Envs\omni_django_payment\Lib\site-packages\django\template\base.py", line 568, in invalid_block_tag
    raise self.error(
django.template.exceptions.TemplateSyntaxError: Invalid block tag on line 10: 'static'. Did you forget to register or load this tag?
C:\Users\NirajKumarJena\omiware_django_proj_dir\omniware_paymnet_updated\django_payment\forms.py changed, reloading.
Watching for file changes with StatReloader
Internal Server Error: /
Traceback (most recent call last):
  File "C:\Users\NirajKumarJena\Envs\omni_django_payment\Lib\site-packages\django\core\handlers\exception.py", line 55, in inner
    response = get_response(request)
               ^^^^^^^^^^^^^^^^^^^^^
  File "C:\Users\NirajKumarJena\Envs\omni_django_payment\Lib\site-packages\django\core\handlers\base.py", line 197, in _get_response
    response = wrapped_callback(request, *callback_args, **callback_kwargs)
               ^^^^^^^^^^^^^^^^^^^^^^^^^^^^^^^^^^^^^^^^^^^^^^^^^^^^^^^^^^^^
  File "C:\Users\NirajKumarJena\omiware_django_proj_dir\omniware_paymnet_updated\django_payment\views.py", line 66, in payment_request_view
    return render(request, 'payment_request.html', context)
           ^^^^^^^^^^^^^^^^^^^^^^^^^^^^^^^^^^^^^^^^^^^^^^^^
  File "C:\Users\NirajKumarJena\Envs\omni_django_payment\Lib\site-packages\django\shortcuts.py", line 24, in render
    content = loader.render_to_string(template_name, context, request, using=using)
              ^^^^^^^^^^^^^^^^^^^^^^^^^^^^^^^^^^^^^^^^^^^^^^^^^^^^^^^^^^^^^^^^^^^^^
  File "C:\Users\NirajKumarJena\Envs\omni_django_payment\Lib\site-packages\django\template\loader.py", line 61, in render_to_string
    template = get_template(template_name, using=using)
               ^^^^^^^^^^^^^^^^^^^^^^^^^^^^^^^^^^^^^^^^
  File "C:\Users\NirajKumarJena\Envs\omni_django_payment\Lib\site-packages\django\template\loader.py", line 15, in get_template
    return engine.get_template(template_name)
           ^^^^^^^^^^^^^^^^^^^^^^^^^^^^^^^^^^
  File "C:\Users\NirajKumarJena\Envs\omni_django_payment\Lib\site-packages\django\template\backends\django.py", line 33, in get_template
    return Template(self.engine.get_template(template_name), self)
                    ^^^^^^^^^^^^^^^^^^^^^^^^^^^^^^^^^^^^^^^
  File "C:\Users\NirajKumarJena\Envs\omni_django_payment\Lib\site-packages\django\template\engine.py", line 175, in get_template
    template, origin = self.find_template(template_name)
                       ^^^^^^^^^^^^^^^^^^^^^^^^^^^^^^^^^
  File "C:\Users\NirajKumarJena\Envs\omni_django_payment\Lib\site-packages\django\template\engine.py", line 157, in find_template
    template = loader.get_template(name, skip=skip)
               ^^^^^^^^^^^^^^^^^^^^^^^^^^^^^^^^^^^^
  File "C:\Users\NirajKumarJena\Envs\omni_django_payment\Lib\site-packages\django\template\loaders\cached.py", line 57, in get_template
    template = super().get_template(template_name, skip)
               ^^^^^^^^^^^^^^^^^^^^^^^^^^^^^^^^^^^^^^^^^
  File "C:\Users\NirajKumarJena\Envs\omni_django_payment\Lib\site-packages\django\template\loaders\base.py", line 28, in get_template
    return Template(
           ^^^^^^^^^
  File "C:\Users\NirajKumarJena\Envs\omni_django_payment\Lib\site-packages\django\template\base.py", line 154, in __init__
    self.nodelist = self.compile_nodelist()
                    ^^^^^^^^^^^^^^^^^^^^^^^
  File "C:\Users\NirajKumarJena\Envs\omni_django_payment\Lib\site-packages\django\template\base.py", line 200, in compile_nodelist
    return parser.parse()
           ^^^^^^^^^^^^^^
  File "C:\Users\NirajKumarJena\Envs\omni_django_payment\Lib\site-packages\django\template\base.py", line 484, in parse
    raise self.error(token, e)
  File "C:\Users\NirajKumarJena\Envs\omni_django_payment\Lib\site-packages\django\template\base.py", line 482, in parse
    filter_expression = self.compile_filter(token.contents)
                        ^^^^^^^^^^^^^^^^^^^^^^^^^^^^^^^^^^^
  File "C:\Users\NirajKumarJena\Envs\omni_django_payment\Lib\site-packages\django\template\base.py", line 600, in compile_filter
    return FilterExpression(token, self)
           ^^^^^^^^^^^^^^^^^^^^^^^^^^^^^
  File "C:\Users\NirajKumarJena\Envs\omni_django_payment\Lib\site-packages\django\template\base.py", line 698, in __init__
    filter_func = parser.find_filter(filter_name)
                  ^^^^^^^^^^^^^^^^^^^^^^^^^^^^^^^
  File "C:\Users\NirajKumarJena\Envs\omni_django_payment\Lib\site-packages\django\template\base.py", line 606, in find_filter
    raise TemplateSyntaxError("Invalid filter: '%s'" % filter_name)
django.template.exceptions.TemplateSyntaxError: Invalid filter: 'bootstrap'
Watching for file changes with StatReloader
Watching for file changes with StatReloader
Starting new HTTPS connection (1): uatpgbiz.omniware.in:443
https://uatpgbiz.omniware.in:443 "POST /v2/paymentrequest HTTP/1.1" 200 None
Starting new HTTPS connection (1): uatpgbiz.omniware.in:443
https://uatpgbiz.omniware.in:443 "POST /v2/paymentrequest HTTP/1.1" 200 None
